CRITICAL - 2024-02-27 20:08:06 --> Invalid file: dashboard.php
#0 C:\xampp\htdocs\ukk_richard\system\View\View.php(198): CodeIgniter\Exceptions\FrameworkException::forInvalidFile('dashboard.php')
#1 C:\xampp\htdocs\ukk_richard\system\Common.php(1089): CodeIgniter\View\View->render('dashboard', Array, true)
#2 C:\xampp\htdocs\ukk_richard\app\Controllers\Home.php(51): view('dashboard')
#3 C:\xampp\htdocs\ukk_richard\system\CodeIgniter.php(832): App\Controllers\Home->dashboard()
#4 C:\xampp\htdocs\ukk_richard\system\CodeIgniter.php(419): CodeIgniter\CodeIgniter->runController(Object(App\Controllers\Home))
#5 C:\xampp\htdocs\ukk_richard\system\CodeIgniter.php(326): CodeIgniter\CodeIgniter->handleRequest(NULL, Object(Config\Cache), false)
#6 C:\xampp\htdocs\ukk_richard\public\index.php(37): CodeIgniter\CodeIgniter->run()
#7 C:\xampp\htdocs\ukk_richard\system\Commands\Server\rewrite.php(43): require_once('C:\\xampp\\htdocs...')
#8 {main}
CRITICAL - 2024-02-27 21:01:51 --> Invalid argument supplied for foreach()
#0 C:\xampp\htdocs\ukk_richard\app\Views\barang.php(18): CodeIgniter\Debug\Exceptions->errorHandler(2, 'Invalid argumen...', 'C:\\xampp\\htdocs...', 18, Array)
#1 C:\xampp\htdocs\ukk_richard\system\View\View.php(210): include('C:\\xampp\\htdocs...')
#2 C:\xampp\htdocs\ukk_richard\system\View\View.php(213): CodeIgniter\View\View->CodeIgniter\View\{closure}()
#3 C:\xampp\htdocs\ukk_richard\system\Common.php(1089): CodeIgniter\View\View->render('barang', Array, true)
#4 C:\xampp\htdocs\ukk_richard\app\Controllers\Home.php(70): view('barang')
#5 C:\xampp\htdocs\ukk_richard\system\CodeIgniter.php(832): App\Controllers\Home->barang()
#6 C:\xampp\htdocs\ukk_richard\system\CodeIgniter.php(419): CodeIgniter\CodeIgniter->runController(Object(App\Controllers\Home))
#7 C:\xampp\htdocs\ukk_richard\system\CodeIgniter.php(326): CodeIgniter\CodeIgniter->handleRequest(NULL, Object(Config\Cache), false)
#8 C:\xampp\htdocs\ukk_richard\public\index.php(37): CodeIgniter\CodeIgniter->run()
#9 C:\xampp\htdocs\ukk_richard\system\Commands\Server\rewrite.php(43): require_once('C:\\xampp\\htdocs...')
#10 {main}
CRITICAL - 2024-02-27 21:01:51 --> Invalid argument supplied for foreach()
#0 C:\xampp\htdocs\ukk_richard\app\Views\barang.php(18): CodeIgniter\Debug\Exceptions->errorHandler(2, 'Invalid argumen...', 'C:\\xampp\\htdocs...', 18, Array)
#1 C:\xampp\htdocs\ukk_richard\system\View\View.php(210): include('C:\\xampp\\htdocs...')
#2 C:\xampp\htdocs\ukk_richard\system\View\View.php(213): CodeIgniter\View\View->CodeIgniter\View\{closure}()
#3 C:\xampp\htdocs\ukk_richard\system\Common.php(1089): CodeIgniter\View\View->render('barang', Array, true)
#4 C:\xampp\htdocs\ukk_richard\app\Controllers\Home.php(70): view('barang')
#5 C:\xampp\htdocs\ukk_richard\system\CodeIgniter.php(832): App\Controllers\Home->barang()
#6 C:\xampp\htdocs\ukk_richard\system\CodeIgniter.php(419): CodeIgniter\CodeIgniter->runController(Object(App\Controllers\Home))
#7 C:\xampp\htdocs\ukk_richard\system\CodeIgniter.php(326): CodeIgniter\CodeIgniter->handleRequest(NULL, Object(Config\Cache), false)
#8 C:\xampp\htdocs\ukk_richard\public\index.php(37): CodeIgniter\CodeIgniter->run()
#9 C:\xampp\htdocs\ukk_richard\system\Commands\Server\rewrite.php(43): require_once('C:\\xampp\\htdocs...')
#10 {main}
CRITICAL - 2024-02-27 22:15:25 --> You must set the database table to be used with your query.
#0 C:\xampp\htdocs\ukk_richard\system\Model.php(545): CodeIgniter\Database\BaseConnection->table(NULL)
#1 C:\xampp\htdocs\ukk_richard\system\Model.php(722): CodeIgniter\Model->builder()
#2 C:\xampp\htdocs\ukk_richard\app\Controllers\Home.php(116): CodeIgniter\Model->__call('tambah', Array)
#3 C:\xampp\htdocs\ukk_richard\system\CodeIgniter.php(832): App\Controllers\Home->p_t_barang()
#4 C:\xampp\htdocs\ukk_richard\system\CodeIgniter.php(419): CodeIgniter\CodeIgniter->runController(Object(App\Controllers\Home))
#5 C:\xampp\htdocs\ukk_richard\system\CodeIgniter.php(326): CodeIgniter\CodeIgniter->handleRequest(NULL, Object(Config\Cache), false)
#6 C:\xampp\htdocs\ukk_richard\public\index.php(37): CodeIgniter\CodeIgniter->run()
#7 C:\xampp\htdocs\ukk_richard\system\Commands\Server\rewrite.php(43): require_once('C:\\xampp\\htdocs...')
#8 {main}
CRITICAL - 2024-02-27 22:36:04 --> You must set the database table to be used with your query.
#0 C:\xampp\htdocs\ukk_richard\system\Model.php(545): CodeIgniter\Database\BaseConnection->table(NULL)
#1 C:\xampp\htdocs\ukk_richard\system\Model.php(722): CodeIgniter\Model->builder()
#2 C:\xampp\htdocs\ukk_richard\app\Controllers\Home.php(116): CodeIgniter\Model->__call('input', Array)
#3 C:\xampp\htdocs\ukk_richard\system\CodeIgniter.php(832): App\Controllers\Home->p_t_barang()
#4 C:\xampp\htdocs\ukk_richard\system\CodeIgniter.php(419): CodeIgniter\CodeIgniter->runController(Object(App\Controllers\Home))
#5 C:\xampp\htdocs\ukk_richard\system\CodeIgniter.php(326): CodeIgniter\CodeIgniter->handleRequest(NULL, Object(Config\Cache), false)
#6 C:\xampp\htdocs\ukk_richard\public\index.php(37): CodeIgniter\CodeIgniter->run()
#7 C:\xampp\htdocs\ukk_richard\system\Commands\Server\rewrite.php(43): require_once('C:\\xampp\\htdocs...')
#8 {main}
CRITICAL - 2024-02-27 22:41:52 --> You must set the database table to be used with your query.
#0 C:\xampp\htdocs\ukk_richard\system\Model.php(545): CodeIgniter\Database\BaseConnection->table(NULL)
#1 C:\xampp\htdocs\ukk_richard\system\Model.php(722): CodeIgniter\Model->builder()
#2 C:\xampp\htdocs\ukk_richard\app\Controllers\Home.php(114): CodeIgniter\Model->__call('input', Array)
#3 C:\xampp\htdocs\ukk_richard\system\CodeIgniter.php(832): App\Controllers\Home->p_t_barang()
#4 C:\xampp\htdocs\ukk_richard\system\CodeIgniter.php(419): CodeIgniter\CodeIgniter->runController(Object(App\Controllers\Home))
#5 C:\xampp\htdocs\ukk_richard\system\CodeIgniter.php(326): CodeIgniter\CodeIgniter->handleRequest(NULL, Object(Config\Cache), false)
#6 C:\xampp\htdocs\ukk_richard\public\index.php(37): CodeIgniter\CodeIgniter->run()
#7 C:\xampp\htdocs\ukk_richard\system\Commands\Server\rewrite.php(43): require_once('C:\\xampp\\htdocs...')
#8 {main}
CRITICAL - 2024-02-27 22:42:03 --> You must set the database table to be used with your query.
#0 C:\xampp\htdocs\ukk_richard\system\Model.php(545): CodeIgniter\Database\BaseConnection->table(NULL)
#1 C:\xampp\htdocs\ukk_richard\system\Model.php(722): CodeIgniter\Model->builder()
#2 C:\xampp\htdocs\ukk_richard\app\Controllers\Home.php(114): CodeIgniter\Model->__call('input', Array)
#3 C:\xampp\htdocs\ukk_richard\system\CodeIgniter.php(832): App\Controllers\Home->p_t_barang()
#4 C:\xampp\htdocs\ukk_richard\system\CodeIgniter.php(419): CodeIgniter\CodeIgniter->runController(Object(App\Controllers\Home))
#5 C:\xampp\htdocs\ukk_richard\system\CodeIgniter.php(326): CodeIgniter\CodeIgniter->handleRequest(NULL, Object(Config\Cache), false)
#6 C:\xampp\htdocs\ukk_richard\public\index.php(37): CodeIgniter\CodeIgniter->run()
#7 C:\xampp\htdocs\ukk_richard\system\Commands\Server\rewrite.php(43): require_once('C:\\xampp\\htdocs...')
#8 {main}
CRITICAL - 2024-02-27 22:44:47 --> You must set the database table to be used with your query.
#0 C:\xampp\htdocs\ukk_richard\system\Model.php(545): CodeIgniter\Database\BaseConnection->table(NULL)
#1 C:\xampp\htdocs\ukk_richard\system\Model.php(722): CodeIgniter\Model->builder()
#2 C:\xampp\htdocs\ukk_richard\app\Controllers\Home.php(115): CodeIgniter\Model->__call('input', Array)
#3 C:\xampp\htdocs\ukk_richard\system\CodeIgniter.php(832): App\Controllers\Home->p_t_barang()
#4 C:\xampp\htdocs\ukk_richard\system\CodeIgniter.php(419): CodeIgniter\CodeIgniter->runController(Object(App\Controllers\Home))
#5 C:\xampp\htdocs\ukk_richard\system\CodeIgniter.php(326): CodeIgniter\CodeIgniter->handleRequest(NULL, Object(Config\Cache), false)
#6 C:\xampp\htdocs\ukk_richard\public\index.php(37): CodeIgniter\CodeIgniter->run()
#7 C:\xampp\htdocs\ukk_richard\system\Commands\Server\rewrite.php(43): require_once('C:\\xampp\\htdocs...')
#8 {main}
CRITICAL - 2024-02-27 22:45:40 --> You must set the database table to be used with your query.
#0 C:\xampp\htdocs\ukk_richard\system\Model.php(545): CodeIgniter\Database\BaseConnection->table(NULL)
#1 C:\xampp\htdocs\ukk_richard\system\Model.php(722): CodeIgniter\Model->builder()
#2 C:\xampp\htdocs\ukk_richard\app\Controllers\Home.php(142): CodeIgniter\Model->__call('input', Array)
#3 C:\xampp\htdocs\ukk_richard\system\CodeIgniter.php(832): App\Controllers\Home->p_t_barang()
#4 C:\xampp\htdocs\ukk_richard\system\CodeIgniter.php(419): CodeIgniter\CodeIgniter->runController(Object(App\Controllers\Home))
#5 C:\xampp\htdocs\ukk_richard\system\CodeIgniter.php(326): CodeIgniter\CodeIgniter->handleRequest(NULL, Object(Config\Cache), false)
#6 C:\xampp\htdocs\ukk_richard\public\index.php(37): CodeIgniter\CodeIgniter->run()
#7 C:\xampp\htdocs\ukk_richard\system\Commands\Server\rewrite.php(43): require_once('C:\\xampp\\htdocs...')
#8 {main}
CRITICAL - 2024-02-27 22:45:41 --> You must set the database table to be used with your query.
#0 C:\xampp\htdocs\ukk_richard\system\Model.php(545): CodeIgniter\Database\BaseConnection->table(NULL)
#1 C:\xampp\htdocs\ukk_richard\system\Model.php(722): CodeIgniter\Model->builder()
#2 C:\xampp\htdocs\ukk_richard\app\Controllers\Home.php(142): CodeIgniter\Model->__call('input', Array)
#3 C:\xampp\htdocs\ukk_richard\system\CodeIgniter.php(832): App\Controllers\Home->p_t_barang()
#4 C:\xampp\htdocs\ukk_richard\system\CodeIgniter.php(419): CodeIgniter\CodeIgniter->runController(Object(App\Controllers\Home))
#5 C:\xampp\htdocs\ukk_richard\system\CodeIgniter.php(326): CodeIgniter\CodeIgniter->handleRequest(NULL, Object(Config\Cache), false)
#6 C:\xampp\htdocs\ukk_richard\public\index.php(37): CodeIgniter\CodeIgniter->run()
#7 C:\xampp\htdocs\ukk_richard\system\Commands\Server\rewrite.php(43): require_once('C:\\xampp\\htdocs...')
#8 {main}
CRITICAL - 2024-02-27 22:45:53 --> You must set the database table to be used with your query.
#0 C:\xampp\htdocs\ukk_richard\system\Model.php(545): CodeIgniter\Database\BaseConnection->table(NULL)
#1 C:\xampp\htdocs\ukk_richard\system\Model.php(722): CodeIgniter\Model->builder()
#2 C:\xampp\htdocs\ukk_richard\app\Controllers\Home.php(142): CodeIgniter\Model->__call('input', Array)
#3 C:\xampp\htdocs\ukk_richard\system\CodeIgniter.php(832): App\Controllers\Home->p_t_barang()
#4 C:\xampp\htdocs\ukk_richard\system\CodeIgniter.php(419): CodeIgniter\CodeIgniter->runController(Object(App\Controllers\Home))
#5 C:\xampp\htdocs\ukk_richard\system\CodeIgniter.php(326): CodeIgniter\CodeIgniter->handleRequest(NULL, Object(Config\Cache), false)
#6 C:\xampp\htdocs\ukk_richard\public\index.php(37): CodeIgniter\CodeIgniter->run()
#7 C:\xampp\htdocs\ukk_richard\system\Commands\Server\rewrite.php(43): require_once('C:\\xampp\\htdocs...')
#8 {main}
